<?xml version="1.0" encoding="UTF-8"?>
<!-- Generated by org.testng.reporters.JUnitReportReporter -->
<testsuite skipped="0" hostname="DEBU" name="com.sauce.qa.testcases.LoginPageTest" tests="1" failures="0" timestamp="2021-02-12T16:20:07 IST" time="14.141" errors="0">
  <testcase name="loginTest" time="14.141" classname="com.sauce.qa.testcases.LoginPageTest"/>
  <system-out/>
</testsuite> <!-- com.sauce.qa.testcases.LoginPageTest -->
